<testsuites id="" name="" tests="85" failures="70" skipped="0" errors="0" time="400.10669800000005">
<testsuite name="navigation.spec.ts" timestamp="2025-07-30T21:17:45.617Z" hostname="chromium" tests="6" failures="3" skipped="0" time="45.448" errors="0">
<testcase name="Navigation and Basic Flows › Basic navigation works" classname="navigation.spec.ts" time="2.141">
<system-out>
<![CDATA[localStorage access blocked, continuing...
]]>
</system-out>
</testcase>
<testcase name="Navigation and Basic Flows › Quiz navigation works" classname="navigation.spec.ts" time="2.947">
<system-out>
<![CDATA[localStorage access blocked, continuing...
]]>
</system-out>
</testcase>
<testcase name="Navigation and Basic Flows › Results page shows correct content" classname="navigation.spec.ts" time="30.354">
<failure message="navigation.spec.ts:78:3 Results page shows correct content" type="FAILURE">
<![CDATA[  [chromium] › navigation.spec.ts:78:3 › Navigation and Basic Flows › Results page shows correct content 

    Test timeout of 30000ms exceeded.

    Error: locator.count: Target page, context or browser has been closed

      240 |   
      241 |   // If we're on a loading page, wait for it to complete and navigate to results
    > 242 |   const loadingIndicator = await page.locator('text=Processing, text=Loading, text=Generating, text=AI is Creating Your Personalized Report').count();
          |                                                                                                                                               ^
      243 |   if (loadingIndicator > 0) {
      244 |     console.log('Waiting for loading to complete...');
      245 |     // Wait for loading to complete (up to 30 seconds)
        at fillQuizData (/Users/casey/Main12-1/tests/e2e/navigation.spec.ts:242:143)
        at /Users/casey/Main12-1/tests/e2e/navigation.spec.ts:89:5

    attachment #1: screenshot (image/png) ──────────────────────────────────────────────────────────
    ../../test-results/navigation-Navigation-and--cf4bd--page-shows-correct-content-chromium/test-failed-1.png
    ────────────────────────────────────────────────────────────────────────────────────────────────

    attachment #2: video (video/webm) ──────────────────────────────────────────────────────────────
    ../../test-results/navigation-Navigation-and--cf4bd--page-shows-correct-content-chromium/video.webm
    ────────────────────────────────────────────────────────────────────────────────────────────────

    Error Context: ../../test-results/navigation-Navigation-and--cf4bd--page-shows-correct-content-chromium/error-context.md
]]>
</failure>
<system-out>
<![CDATA[localStorage access blocked, continuing...
On round intro page, clicking Start Round
Error on step 2: page.click: Test timeout of 30000ms exceeded.
Call log:
[2m  - waiting for locator('button:has-text("3")')[22m

Could not get debug info: page.textContent: Target page, context or browser has been closed
Error on step 3: page.waitForSelector: Target page, context or browser has been closed
Could not get debug info: page.textContent: Target page, context or browser has been closed
Error on step 4: page.waitForSelector: Target page, context or browser has been closed
Could not get debug info: page.textContent: Target page, context or browser has been closed
Error on step 5: page.waitForSelector: Target page, context or browser has been closed
Could not get debug info: page.textContent: Target page, context or browser has been closed
Error on step 6: page.waitForSelector: Target page, context or browser has been closed
Could not get debug info: page.textContent: Target page, context or browser has been closed
Error on step 7: page.waitForSelector: Target page, context or browser has been closed
Could not get debug info: page.textContent: Target page, context or browser has been closed
Error on step 8: page.waitForSelector: Target page, context or browser has been closed
Could not get debug info: page.textContent: Target page, context or browser has been closed
Error on step 9: page.waitForSelector: Target page, context or browser has been closed
Could not get debug info: page.textContent: Target page, context or browser has been closed
Error on step 10: page.waitForSelector: Target page, context or browser has been closed
Could not get debug info: page.textContent: Target page, context or browser has been closed
Error on step 11: page.waitForSelector: Target page, context or browser has been closed
Could not get debug info: page.textContent: Target page, context or browser has been closed
Error on step 12: page.waitForSelector: Target page, context or browser has been closed
Could not get debug info: page.textContent: Target page, context or browser has been closed
Error on step 13: page.waitForSelector: Target page, context or browser has been closed
Could not get debug info: page.textContent: Target page, context or browser has been closed
Error on step 14: page.waitForSelector: Target page, context or browser has been closed
Could not get debug info: page.textContent: Target page, context or browser has been closed
Error on step 15: page.waitForSelector: Target page, context or browser has been closed
Could not get debug info: page.textContent: Target page, context or browser has been closed
Error on step 16: page.waitForSelector: Target page, context or browser has been closed
Could not get debug info: page.textContent: Target page, context or browser has been closed
Error on step 17: page.waitForSelector: Target page, context or browser has been closed
Could not get debug info: page.textContent: Target page, context or browser has been closed
Error on step 18: page.waitForSelector: Target page, context or browser has been closed
Could not get debug info: page.textContent: Target page, context or browser has been closed
Error on step 19: page.waitForSelector: Target page, context or browser has been closed
Could not get debug info: page.textContent: Target page, context or browser has been closed
Error on step 20: page.waitForSelector: Target page, context or browser has been closed
Could not get debug info: page.textContent: Target page, context or browser has been closed
Error on step 21: page.waitForSelector: Target page, context or browser has been closed
Could not get debug info: page.textContent: Target page, context or browser has been closed
Error on step 22: page.waitForSelector: Target page, context or browser has been closed
Could not get debug info: page.textContent: Target page, context or browser has been closed
Error on step 23: page.waitForSelector: Target page, context or browser has been closed
Could not get debug info: page.textContent: Target page, context or browser has been closed
Error on step 24: page.waitForSelector: Target page, context or browser has been closed
Could not get debug info: page.textContent: Target page, context or browser has been closed
Error on step 25: page.waitForSelector: Target page, context or browser has been closed
Could not get debug info: page.textContent: Target page, context or browser has been closed
Error on step 26: page.waitForSelector: Target page, context or browser has been closed
Could not get debug info: page.textContent: Target page, context or browser has been closed
Error on step 27: page.waitForSelector: Target page, context or browser has been closed
Could not get debug info: page.textContent: Target page, context or browser has been closed
Error on step 28: page.waitForSelector: Target page, context or browser has been closed
Could not get debug info: page.textContent: Target page, context or browser has been closed
Error on step 29: page.waitForSelector: Target page, context or browser has been closed
Could not get debug info: page.textContent: Target page, context or browser has been closed
Error on step 30: page.waitForSelector: Target page, context or browser has been closed
Could not get debug info: page.textContent: Target page, context or browser has been closed
Error on step 31: page.waitForSelector: Target page, context or browser has been closed
Could not get debug info: page.textContent: Target page, context or browser has been closed
Error on step 32: page.waitForSelector: Target page, context or browser has been closed
Could not get debug info: page.textContent: Target page, context or browser has been closed
Error on step 33: page.waitForSelector: Target page, context or browser has been closed
Could not get debug info: page.textContent: Target page, context or browser has been closed
Error on step 34: page.waitForSelector: Target page, context or browser has been closed
Could not get debug info: page.textContent: Target page, context or browser has been closed
Error on step 35: page.waitForSelector: Target page, context or browser has been closed
Could not get debug info: page.textContent: Target page, context or browser has been closed
Error on step 36: page.waitForSelector: Target page, context or browser has been closed
Could not get debug info: page.textContent: Target page, context or browser has been closed
Error on step 37: page.waitForSelector: Target page, context or browser has been closed
Could not get debug info: page.textContent: Target page, context or browser has been closed
Error on step 38: page.waitForSelector: Target page, context or browser has been closed
Could not get debug info: page.textContent: Target page, context or browser has been closed
Error on step 39: page.waitForSelector: Target page, context or browser has been closed
Could not get debug info: page.textContent: Target page, context or browser has been closed
Error on step 40: page.waitForSelector: Target page, context or browser has been closed
Could not get debug info: page.textContent: Target page, context or browser has been closed
Error on step 41: page.waitForSelector: Target page, context or browser has been closed
Could not get debug info: page.textContent: Target page, context or browser has been closed
Error on step 42: page.waitForSelector: Target page, context or browser has been closed
Could not get debug info: page.textContent: Target page, context or browser has been closed
Error on step 43: page.waitForSelector: Target page, context or browser has been closed
Could not get debug info: page.textContent: Target page, context or browser has been closed
Error on step 44: page.waitForSelector: Target page, context or browser has been closed
Could not get debug info: page.textContent: Target page, context or browser has been closed

[[ATTACHMENT|navigation-Navigation-and--cf4bd--page-shows-correct-content-chromium/test-failed-1.png]]

[[ATTACHMENT|navigation-Navigation-and--cf4bd--page-shows-correct-content-chromium/video.webm]]

[[ATTACHMENT|navigation-Navigation-and--cf4bd--page-shows-correct-content-chromium/error-context.md]]
]]>
</system-out>
</testcase>
<testcase name="Navigation and Basic Flows › Mobile responsiveness" classname="navigation.spec.ts" time="1.943">
<system-out>
<![CDATA[localStorage access blocked, continuing...
]]>
</system-out>
</testcase>
<testcase name="Navigation and Basic Flows › Authentication flows" classname="navigation.spec.ts" time="6.963">
<failure message="navigation.spec.ts:121:3 Authentication flows" type="FAILURE">
<![CDATA[  [chromium] › navigation.spec.ts:121:3 › Navigation and Basic Flows › Authentication flows ────────

    Error: Timed out 5000ms waiting for expect(locator).toBeVisible()

    Locator: locator('input[name="email"]')
    Expected: visible
    Received: <element(s) not found>
    Call log:
      - Expect "toBeVisible" with timeout 5000ms
      - waiting for locator('input[name="email"]')


      125 |     
      126 |     // Check that login form is present
    > 127 |     await expect(page.locator('input[name="email"]')).toBeVisible();
          |                                                       ^
      128 |     await expect(page.locator('input[name="password"]')).toBeVisible();
      129 |     await expect(page.locator('button[type="submit"]')).toBeVisible();
      130 |   });
        at /Users/casey/Main12-1/tests/e2e/navigation.spec.ts:127:55

    attachment #1: screenshot (image/png) ──────────────────────────────────────────────────────────
    ../../test-results/navigation-Navigation-and-Basic-Flows-Authentication-flows-chromium/test-failed-1.png
    ────────────────────────────────────────────────────────────────────────────────────────────────

    attachment #2: video (video/webm) ──────────────────────────────────────────────────────────────
    ../../test-results/navigation-Navigation-and-Basic-Flows-Authentication-flows-chromium/video.webm
    ────────────────────────────────────────────────────────────────────────────────────────────────

    Error Context: ../../test-results/navigation-Navigation-and-Basic-Flows-Authentication-flows-chromium/error-context.md
]]>
</failure>
<system-out>
<![CDATA[localStorage access blocked, continuing...

[[ATTACHMENT|navigation-Navigation-and-Basic-Flows-Authentication-flows-chromium/test-failed-1.png]]

[[ATTACHMENT|navigation-Navigation-and-Basic-Flows-Authentication-flows-chromium/video.webm]]

[[ATTACHMENT|navigation-Navigation-and-Basic-Flows-Authentication-flows-chromium/error-context.md]]
]]>
</system-out>
</testcase>
<testcase name="Navigation and Basic Flows › Error handling" classname="navigation.spec.ts" time="1.1">
<failure message="navigation.spec.ts:132:3 Error handling" type="FAILURE">
<![CDATA[  [chromium] › navigation.spec.ts:132:3 › Navigation and Basic Flows › Error handling ──────────────

    Error: expect(received).toBe(expected) // Object.is equality

    Expected: true
    Received: false

      139 |     const hasHomeContent = await page.locator('text=Discover Your Path, text=Stop Overthinking').count() > 0;
      140 |     
    > 141 |     expect(has404 || hasHomeContent).toBe(true);
          |                                      ^
      142 |   });
      143 | });
      144 |
        at /Users/casey/Main12-1/tests/e2e/navigation.spec.ts:141:38

    attachment #1: screenshot (image/png) ──────────────────────────────────────────────────────────
    ../../test-results/navigation-Navigation-and-Basic-Flows-Error-handling-chromium/test-failed-1.png
    ────────────────────────────────────────────────────────────────────────────────────────────────

    attachment #2: video (video/webm) ──────────────────────────────────────────────────────────────
    ../../test-results/navigation-Navigation-and-Basic-Flows-Error-handling-chromium/video.webm
    ────────────────────────────────────────────────────────────────────────────────────────────────
]]>
</failure>
<system-out>
<![CDATA[localStorage access blocked, continuing...

[[ATTACHMENT|navigation-Navigation-and-Basic-Flows-Error-handling-chromium/test-failed-1.png]]

[[ATTACHMENT|navigation-Navigation-and-Basic-Flows-Error-handling-chromium/video.webm]]
]]>
</system-out>
</testcase>
</testsuite>
<testsuite name="payment-flow.spec.ts" timestamp="2025-07-30T21:17:45.617Z" hostname="chromium" tests="4" failures="4" skipped="0" time="121.757" errors="0">
<testcase name="Payment Flow Tests › Complete quiz flow and verify payment unlocks results" classname="payment-flow.spec.ts" time="30.309">
<failure message="payment-flow.spec.ts:41:3 Complete quiz flow and verify payment unlocks results" type="FAILURE">
<![CDATA[  [chromium] › payment-flow.spec.ts:41:3 › Payment Flow Tests › Complete quiz flow and verify payment unlocks results 

    Test timeout of 30000ms exceeded.

    Error: locator.count: Target page, context or browser has been closed

      351 |   
      352 |   // If we're on a loading page, wait for it to complete and navigate to results
    > 353 |   const loadingIndicator = await page.locator('text=Processing, text=Loading, text=Generating, text=AI is Creating Your Personalized Report').count();
          |                                                                                                                                               ^
      354 |   if (loadingIndicator > 0) {
      355 |     console.log('Waiting for loading to complete...');
      356 |     // Wait for loading to complete (up to 30 seconds)
        at fillQuizData (/Users/casey/Main12-1/tests/e2e/payment-flow.spec.ts:353:143)
        at /Users/casey/Main12-1/tests/e2e/payment-flow.spec.ts:60:5

    attachment #1: screenshot (image/png) ──────────────────────────────────────────────────────────
    ../../test-results/payment-flow-Payment-Flow--becc7-ify-payment-unlocks-results-chromium/test-failed-1.png
    ────────────────────────────────────────────────────────────────────────────────────────────────

    attachment #2: video (video/webm) ──────────────────────────────────────────────────────────────
    ../../test-results/payment-flow-Payment-Flow--becc7-ify-payment-unlocks-results-chromium/video.webm
    ────────────────────────────────────────────────────────────────────────────────────────────────

    Error Context: ../../test-results/payment-flow-Payment-Flow--becc7-ify-payment-unlocks-results-chromium/error-context.md
]]>
</failure>
<system-out>
<![CDATA[localStorage access blocked, continuing...
On round intro page, clicking Start Round
Error on step 2: page.click: Test timeout of 30000ms exceeded.
Call log:
[2m  - waiting for locator('button:has-text("3")')[22m

Could not get debug info: page.textContent: Target page, context or browser has been closed
Error on step 3: page.waitForSelector: Target page, context or browser has been closed
Could not get debug info: page.textContent: Target page, context or browser has been closed
Error on step 4: page.waitForSelector: Target page, context or browser has been closed
Could not get debug info: page.textContent: Target page, context or browser has been closed
Error on step 5: page.waitForSelector: Target page, context or browser has been closed
Could not get debug info: page.textContent: Target page, context or browser has been closed
Error on step 6: page.waitForSelector: Target page, context or browser has been closed
Could not get debug info: page.textContent: Target page, context or browser has been closed
Error on step 7: page.waitForSelector: Target page, context or browser has been closed
Could not get debug info: page.textContent: Target page, context or browser has been closed
Error on step 8: page.waitForSelector: Target page, context or browser has been closed
Could not get debug info: page.textContent: Target page, context or browser has been closed
Error on step 9: page.waitForSelector: Target page, context or browser has been closed
Could not get debug info: page.textContent: Target page, context or browser has been closed
Error on step 10: page.waitForSelector: Target page, context or browser has been closed
Could not get debug info: page.textContent: Target page, context or browser has been closed
Error on step 11: page.waitForSelector: Target page, context or browser has been closed
Could not get debug info: page.textContent: Target page, context or browser has been closed
Error on step 12: page.waitForSelector: Target page, context or browser has been closed
Could not get debug info: page.textContent: Target page, context or browser has been closed
Error on step 13: page.waitForSelector: Target page, context or browser has been closed
Could not get debug info: page.textContent: Target page, context or browser has been closed
Error on step 14: page.waitForSelector: Target page, context or browser has been closed
Could not get debug info: page.textContent: Target page, context or browser has been closed
Error on step 15: page.waitForSelector: Target page, context or browser has been closed
Could not get debug info: page.textContent: Target page, context or browser has been closed
Error on step 16: page.waitForSelector: Target page, context or browser has been closed
Could not get debug info: page.textContent: Target page, context or browser has been closed
Error on step 17: page.waitForSelector: Target page, context or browser has been closed
Could not get debug info: page.textContent: Target page, context or browser has been closed
Error on step 18: page.waitForSelector: Target page, context or browser has been closed
Could not get debug info: page.textContent: Target page, context or browser has been closed
Error on step 19: page.waitForSelector: Target page, context or browser has been closed
Could not get debug info: page.textContent: Target page, context or browser has been closed
Error on step 20: page.waitForSelector: Target page, context or browser has been closed
Could not get debug info: page.textContent: Target page, context or browser has been closed
Error on step 21: page.waitForSelector: Target page, context or browser has been closed
Could not get debug info: page.textContent: Target page, context or browser has been closed
Error on step 22: page.waitForSelector: Target page, context or browser has been closed
Could not get debug info: page.textContent: Target page, context or browser has been closed
Error on step 23: page.waitForSelector: Target page, context or browser has been closed
Could not get debug info: page.textContent: Target page, context or browser has been closed
Error on step 24: page.waitForSelector: Target page, context or browser has been closed
Could not get debug info: page.textContent: Target page, context or browser has been closed
Error on step 25: page.waitForSelector: Target page, context or browser has been closed
Could not get debug info: page.textContent: Target page, context or browser has been closed
Error on step 26: page.waitForSelector: Target page, context or browser has been closed
Could not get debug info: page.textContent: Target page, context or browser has been closed
Error on step 27: page.waitForSelector: Target page, context or browser has been closed
Could not get debug info: page.textContent: Target page, context or browser has been closed
Error on step 28: page.waitForSelector: Target page, context or browser has been closed
Could not get debug info: page.textContent: Target page, context or browser has been closed
Error on step 29: page.waitForSelector: Target page, context or browser has been closed
Could not get debug info: page.textContent: Target page, context or browser has been closed
Error on step 30: page.waitForSelector: Target page, context or browser has been closed
Could not get debug info: page.textContent: Target page, context or browser has been closed
Error on step 31: page.waitForSelector: Target page, context or browser has been closed
Could not get debug info: page.textContent: Target page, context or browser has been closed
Error on step 32: page.waitForSelector: Target page, context or browser has been closed
Could not get debug info: page.textContent: Target page, context or browser has been closed
Error on step 33: page.waitForSelector: Target page, context or browser has been closed
Could not get debug info: page.textContent: Target page, context or browser has been closed
Error on step 34: page.waitForSelector: Target page, context or browser has been closed
Could not get debug info: page.textContent: Target page, context or browser has been closed
Error on step 35: page.waitForSelector: Target page, context or browser has been closed
Could not get debug info: page.textContent: Target page, context or browser has been closed
Error on step 36: page.waitForSelector: Target page, context or browser has been closed
Could not get debug info: page.textContent: Target page, context or browser has been closed
Error on step 37: page.waitForSelector: Target page, context or browser has been closed
Could not get debug info: page.textContent: Target page, context or browser has been closed
Error on step 38: page.waitForSelector: Target page, context or browser has been closed
Could not get debug info: page.textContent: Target page, context or browser has been closed
Error on step 39: page.waitForSelector: Target page, context or browser has been closed
Could not get debug info: page.textContent: Target page, context or browser has been closed
Error on step 40: page.waitForSelector: Target page, context or browser has been closed
Could not get debug info: page.textContent: Target page, context or browser has been closed
Error on step 41: page.waitForSelector: Target page, context or browser has been closed
Could not get debug info: page.textContent: Target page, context or browser has been closed
Error on step 42: page.waitForSelector: Target page, context or browser has been closed
Could not get debug info: page.textContent: Target page, context or browser has been closed
Error on step 43: page.waitForSelector: Target page, context or browser has been closed
Could not get debug info: page.textContent: Target page, context or browser has been closed
Error on step 44: page.waitForSelector: Target page, context or browser has been closed
Could not get debug info: page.textContent: Target page, context or browser has been closed

[[ATTACHMENT|payment-flow-Payment-Flow--becc7-ify-payment-unlocks-results-chromium/test-failed-1.png]]

[[ATTACHMENT|payment-flow-Payment-Flow--becc7-ify-payment-unlocks-results-chromium/video.webm]]

[[ATTACHMENT|payment-flow-Payment-Flow--becc7-ify-payment-unlocks-results-chromium/error-context.md]]
]]>
</system-out>
</testcase>
<testcase name="Payment Flow Tests › Paid user sees correct pricing ($4.99)" classname="payment-flow.spec.ts" time="30.381">
<failure message="payment-flow.spec.ts:128:3 Paid user sees correct pricing ($4.99)" type="FAILURE">
<![CDATA[  [chromium] › payment-flow.spec.ts:128:3 › Payment Flow Tests › Paid user sees correct pricing ($4.99) 

    Test timeout of 30000ms exceeded.

    Error: locator.count: Target page, context or browser has been closed

      351 |   
      352 |   // If we're on a loading page, wait for it to complete and navigate to results
    > 353 |   const loadingIndicator = await page.locator('text=Processing, text=Loading, text=Generating, text=AI is Creating Your Personalized Report').count();
          |                                                                                                                                               ^
      354 |   if (loadingIndicator > 0) {
      355 |     console.log('Waiting for loading to complete...');
      356 |     // Wait for loading to complete (up to 30 seconds)
        at fillQuizData (/Users/casey/Main12-1/tests/e2e/payment-flow.spec.ts:353:143)
        at /Users/casey/Main12-1/tests/e2e/payment-flow.spec.ts:155:5

    attachment #1: screenshot (image/png) ──────────────────────────────────────────────────────────
    ../../test-results/payment-flow-Payment-Flow--46c6e--sees-correct-pricing-4-99--chromium/test-failed-1.png
    ────────────────────────────────────────────────────────────────────────────────────────────────

    attachment #2: video (video/webm) ──────────────────────────────────────────────────────────────
    ../../test-results/payment-flow-Payment-Flow--46c6e--sees-correct-pricing-4-99--chromium/video.webm
    ────────────────────────────────────────────────────────────────────────────────────────────────

    Error Context: ../../test-results/payment-flow-Payment-Flow--46c6e--sees-correct-pricing-4-99--chromium/error-context.md
]]>
</failure>
<system-out>
<![CDATA[localStorage access blocked, continuing...
On round intro page, clicking Start Round
Error on step 2: page.click: Test timeout of 30000ms exceeded.
Call log:
[2m  - waiting for locator('button:has-text("3")')[22m

Could not get debug info: page.textContent: Target page, context or browser has been closed
Error on step 3: page.waitForSelector: Target page, context or browser has been closed
Could not get debug info: page.textContent: Target page, context or browser has been closed
Error on step 4: page.waitForSelector: Target page, context or browser has been closed
Could not get debug info: page.textContent: Target page, context or browser has been closed
Error on step 5: page.waitForSelector: Target page, context or browser has been closed
Could not get debug info: page.textContent: Target page, context or browser has been closed
Error on step 6: page.waitForSelector: Target page, context or browser has been closed
Could not get debug info: page.textContent: Target page, context or browser has been closed
Error on step 7: page.waitForSelector: Target page, context or browser has been closed
Could not get debug info: page.textContent: Target page, context or browser has been closed
Error on step 8: page.waitForSelector: Target page, context or browser has been closed
Could not get debug info: page.textContent: Target page, context or browser has been closed
Error on step 9: page.waitForSelector: Target page, context or browser has been closed
Could not get debug info: page.textContent: Target page, context or browser has been closed
Error on step 10: page.waitForSelector: Target page, context or browser has been closed
Could not get debug info: page.textContent: Target page, context or browser has been closed
Error on step 11: page.waitForSelector: Target page, context or browser has been closed
Could not get debug info: page.textContent: Target page, context or browser has been closed
Error on step 12: page.waitForSelector: Target page, context or browser has been closed
Could not get debug info: page.textContent: Target page, context or browser has been closed
Error on step 13: page.waitForSelector: Target page, context or browser has been closed
Could not get debug info: page.textContent: Target page, context or browser has been closed
Error on step 14: page.waitForSelector: Target page, context or browser has been closed
Could not get debug info: page.textContent: Target page, context or browser has been closed
Error on step 15: page.waitForSelector: Target page, context or browser has been closed
Could not get debug info: page.textContent: Target page, context or browser has been closed
Error on step 16: page.waitForSelector: Target page, context or browser has been closed
Could not get debug info: page.textContent: Target page, context or browser has been closed
Error on step 17: page.waitForSelector: Target page, context or browser has been closed
Could not get debug info: page.textContent: Target page, context or browser has been closed
Error on step 18: page.waitForSelector: Target page, context or browser has been closed
Could not get debug info: page.textContent: Target page, context or browser has been closed
Error on step 19: page.waitForSelector: Target page, context or browser has been closed
Could not get debug info: page.textContent: Target page, context or browser has been closed
Error on step 20: page.waitForSelector: Target page, context or browser has been closed
Could not get debug info: page.textContent: Target page, context or browser has been closed
Error on step 21: page.waitForSelector: Target page, context or browser has been closed
Could not get debug info: page.textContent: Target page, context or browser has been closed
Error on step 22: page.waitForSelector: Target page, context or browser has been closed
Could not get debug info: page.textContent: Target page, context or browser has been closed
Error on step 23: page.waitForSelector: Target page, context or browser has been closed
Could not get debug info: page.textContent: Target page, context or browser has been closed
Error on step 24: page.waitForSelector: Target page, context or browser has been closed
Could not get debug info: page.textContent: Target page, context or browser has been closed
Error on step 25: page.waitForSelector: Target page, context or browser has been closed
Could not get debug info: page.textContent: Target page, context or browser has been closed
Error on step 26: page.waitForSelector: Target page, context or browser has been closed
Could not get debug info: page.textContent: Target page, context or browser has been closed
Error on step 27: page.waitForSelector: Target page, context or browser has been closed
Could not get debug info: page.textContent: Target page, context or browser has been closed
Error on step 28: page.waitForSelector: Target page, context or browser has been closed
Could not get debug info: page.textContent: Target page, context or browser has been closed
Error on step 29: page.waitForSelector: Target page, context or browser has been closed
Could not get debug info: page.textContent: Target page, context or browser has been closed
Error on step 30: page.waitForSelector: Target page, context or browser has been closed
Could not get debug info: page.textContent: Target page, context or browser has been closed
Error on step 31: page.waitForSelector: Target page, context or browser has been closed
Could not get debug info: page.textContent: Target page, context or browser has been closed
Error on step 32: page.waitForSelector: Target page, context or browser has been closed
Could not get debug info: page.textContent: Target page, context or browser has been closed
Error on step 33: page.waitForSelector: Target page, context or browser has been closed
Could not get debug info: page.textContent: Target page, context or browser has been closed
Error on step 34: page.waitForSelector: Target page, context or browser has been closed
Could not get debug info: page.textContent: Target page, context or browser has been closed
Error on step 35: page.waitForSelector: Target page, context or browser has been closed
Could not get debug info: page.textContent: Target page, context or browser has been closed
Error on step 36: page.waitForSelector: Target page, context or browser has been closed
Could not get debug info: page.textContent: Target page, context or browser has been closed
Error on step 37: page.waitForSelector: Target page, context or browser has been closed
Could not get debug info: page.textContent: Target page, context or browser has been closed
Error on step 38: page.waitForSelector: Target page, context or browser has been closed
Could not get debug info: page.textContent: Target page, context or browser has been closed
Error on step 39: page.waitForSelector: Target page, context or browser has been closed
Could not get debug info: page.textContent: Target page, context or browser has been closed
Error on step 40: page.waitForSelector: Target page, context or browser has been closed
Could not get debug info: page.textContent: Target page, context or browser has been closed
Error on step 41: page.waitForSelector: Target page, context or browser has been closed
Could not get debug info: page.textContent: Target page, context or browser has been closed
Error on step 42: page.waitForSelector: Target page, context or browser has been closed
Could not get debug info: page.textContent: Target page, context or browser has been closed
Error on step 43: page.waitForSelector: Target page, context or browser has been closed
Could not get debug info: page.textContent: Target page, context or browser has been closed
Error on step 44: page.waitForSelector: Target page, context or browser has been closed
Could not get debug info: page.textContent: Target page, context or browser has been closed

[[ATTACHMENT|payment-flow-Payment-Flow--46c6e--sees-correct-pricing-4-99--chromium/test-failed-1.png]]

[[ATTACHMENT|payment-flow-Payment-Flow--46c6e--sees-correct-pricing-4-99--chromium/video.webm]]

[[ATTACHMENT|payment-flow-Payment-Flow--46c6e--sees-correct-pricing-4-99--chromium/error-context.md]]
]]>
</system-out>
</testcase>
<testcase name="Payment Flow Tests › Payment success properly unlocks content after page reload" classname="payment-flow.spec.ts" time="30.488">
<failure message="payment-flow.spec.ts:173:3 Payment success properly unlocks content after page reload" type="FAILURE">
<![CDATA[  [chromium] › payment-flow.spec.ts:173:3 › Payment Flow Tests › Payment success properly unlocks content after page reload 

    Test timeout of 30000ms exceeded.

    Error: locator.count: Target page, context or browser has been closed

      351 |   
      352 |   // If we're on a loading page, wait for it to complete and navigate to results
    > 353 |   const loadingIndicator = await page.locator('text=Processing, text=Loading, text=Generating, text=AI is Creating Your Personalized Report').count();
          |                                                                                                                                               ^
      354 |   if (loadingIndicator > 0) {
      355 |     console.log('Waiting for loading to complete...');
      356 |     // Wait for loading to complete (up to 30 seconds)
        at fillQuizData (/Users/casey/Main12-1/tests/e2e/payment-flow.spec.ts:353:143)
        at /Users/casey/Main12-1/tests/e2e/payment-flow.spec.ts:186:5

    attachment #1: screenshot (image/png) ──────────────────────────────────────────────────────────
    ../../test-results/payment-flow-Payment-Flow--f3ec0-s-content-after-page-reload-chromium/test-failed-1.png
    ────────────────────────────────────────────────────────────────────────────────────────────────

    attachment #2: video (video/webm) ──────────────────────────────────────────────────────────────
    ../../test-results/payment-flow-Payment-Flow--f3ec0-s-content-after-page-reload-chromium/video.webm
    ────────────────────────────────────────────────────────────────────────────────────────────────

    Error Context: ../../test-results/payment-flow-Payment-Flow--f3ec0-s-content-after-page-reload-chromium/error-context.md
]]>
</failure>
<system-out>
<![CDATA[localStorage access blocked, continuing...
On round intro page, clicking Start Round
Error on step 2: page.click: Test timeout of 30000ms exceeded.
Call log:
[2m  - waiting for locator('button:has-text("3")')[22m

Could not get debug info: page.textContent: Target page, context or browser has been closed
Error on step 3: page.waitForSelector: Target page, context or browser has been closed
Could not get debug info: page.textContent: Target page, context or browser has been closed
Error on step 4: page.waitForSelector: Target page, context or browser has been closed
Could not get debug info: page.textContent: Target page, context or browser has been closed
Error on step 5: page.waitForSelector: Target page, context or browser has been closed
Could not get debug info: page.textContent: Target page, context or browser has been closed
Error on step 6: page.waitForSelector: Target page, context or browser has been closed
Could not get debug info: page.textContent: Target page, context or browser has been closed
Error on step 7: page.waitForSelector: Target page, context or browser has been closed
Could not get debug info: page.textContent: Target page, context or browser has been closed
Error on step 8: page.waitForSelector: Target page, context or browser has been closed
Could not get debug info: page.textContent: Target page, context or browser has been closed
Error on step 9: page.waitForSelector: Target page, context or browser has been closed
Could not get debug info: page.textContent: Target page, context or browser has been closed
Error on step 10: page.waitForSelector: Target page, context or browser has been closed
Could not get debug info: page.textContent: Target page, context or browser has been closed
Error on step 11: page.waitForSelector: Target page, context or browser has been closed
Could not get debug info: page.textContent: Target page, context or browser has been closed
Error on step 12: page.waitForSelector: Target page, context or browser has been closed
Could not get debug info: page.textContent: Target page, context or browser has been closed
Error on step 13: page.waitForSelector: Target page, context or browser has been closed
Could not get debug info: page.textContent: Target page, context or browser has been closed
Error on step 14: page.waitForSelector: Target page, context or browser has been closed
Could not get debug info: page.textContent: Target page, context or browser has been closed
Error on step 15: page.waitForSelector: Target page, context or browser has been closed
Could not get debug info: page.textContent: Target page, context or browser has been closed
Error on step 16: page.waitForSelector: Target page, context or browser has been closed
Could not get debug info: page.textContent: Target page, context or browser has been closed
Error on step 17: page.waitForSelector: Target page, context or browser has been closed
Could not get debug info: page.textContent: Target page, context or browser has been closed
Error on step 18: page.waitForSelector: Target page, context or browser has been closed
Could not get debug info: page.textContent: Target page, context or browser has been closed
Error on step 19: page.waitForSelector: Target page, context or browser has been closed
Could not get debug info: page.textContent: Target page, context or browser has been closed
Error on step 20: page.waitForSelector: Target page, context or browser has been closed
Could not get debug info: page.textContent: Target page, context or browser has been closed
Error on step 21: page.waitForSelector: Target page, context or browser has been closed
Could not get debug info: page.textContent: Target page, context or browser has been closed
Error on step 22: page.waitForSelector: Target page, context or browser has been closed
Could not get debug info: page.textContent: Target page, context or browser has been closed
Error on step 23: page.waitForSelector: Target page, context or browser has been closed
Could not get debug info: page.textContent: Target page, context or browser has been closed
Error on step 24: page.waitForSelector: Target page, context or browser has been closed
Could not get debug info: page.textContent: Target page, context or browser has been closed
Error on step 25: page.waitForSelector: Target page, context or browser has been closed
Could not get debug info: page.textContent: Target page, context or browser has been closed
Error on step 26: page.waitForSelector: Target page, context or browser has been closed
Could not get debug info: page.textContent: Target page, context or browser has been closed
Error on step 27: page.waitForSelector: Target page, context or browser has been closed
Could not get debug info: page.textContent: Target page, context or browser has been closed
Error on step 28: page.waitForSelector: Target page, context or browser has been closed
Could not get debug info: page.textContent: Target page, context or browser has been closed
Error on step 29: page.waitForSelector: Target page, context or browser has been closed
Could not get debug info: page.textContent: Target page, context or browser has been closed
Error on step 30: page.waitForSelector: Target page, context or browser has been closed
Could not get debug info: page.textContent: Target page, context or browser has been closed
Error on step 31: page.waitForSelector: Target page, context or browser has been closed
Could not get debug info: page.textContent: Target page, context or browser has been closed
Error on step 32: page.waitForSelector: Target page, context or browser has been closed
Could not get debug info: page.textContent: Target page, context or browser has been closed
Error on step 33: page.waitForSelector: Target page, context or browser has been closed
Could not get debug info: page.textContent: Target page, context or browser has been closed
Error on step 34: page.waitForSelector: Target page, context or browser has been closed
Could not get debug info: page.textContent: Target page, context or browser has been closed
Error on step 35: page.waitForSelector: Target page, context or browser has been closed
Could not get debug info: page.textContent: Target page, context or browser has been closed
Error on step 36: page.waitForSelector: Target page, context or browser has been closed
Could not get debug info: page.textContent: Target page, context or browser has been closed
Error on step 37: page.waitForSelector: Target page, context or browser has been closed
Could not get debug info: page.textContent: Target page, context or browser has been closed
Error on step 38: page.waitForSelector: Target page, context or browser has been closed
Could not get debug info: page.textContent: Target page, context or browser has been closed
Error on step 39: page.waitForSelector: Target page, context or browser has been closed
Could not get debug info: page.textContent: Target page, context or browser has been closed
Error on step 40: page.waitForSelector: Target page, context or browser has been closed
Could not get debug info: page.textContent: Target page, context or browser has been closed
Error on step 41: page.waitForSelector: Target page, context or browser has been closed
Could not get debug info: page.textContent: Target page, context or browser has been closed
Error on step 42: page.waitForSelector: Target page, context or browser has been closed
Could not get debug info: page.textContent: Target page, context or browser has been closed
Error on step 43: page.waitForSelector: Target page, context or browser has been closed
Could not get debug info: page.textContent: Target page, context or browser has been closed
Error on step 44: page.waitForSelector: Target page, context or browser has been closed
Could not get debug info: page.textContent: Target page, context or browser has been closed

[[ATTACHMENT|payment-flow-Payment-Flow--f3ec0-s-content-after-page-reload-chromium/test-failed-1.png]]

[[ATTACHMENT|payment-flow-Payment-Flow--f3ec0-s-content-after-page-reload-chromium/video.webm]]

[[ATTACHMENT|payment-flow-Payment-Flow--f3ec0-s-content-after-page-reload-chromium/error-context.md]]
]]>
</system-out>
</testcase>
<testcase name="Payment Flow Tests › Debug unlock status logging works" classname="payment-flow.spec.ts" time="30.579">
<failure message="payment-flow.spec.ts:212:3 Debug unlock status logging works" type="FAILURE">
<![CDATA[  [chromium] › payment-flow.spec.ts:212:3 › Payment Flow Tests › Debug unlock status logging works ─

    Test timeout of 30000ms exceeded.

    Error: locator.count: Target page, context or browser has been closed

      351 |   
      352 |   // If we're on a loading page, wait for it to complete and navigate to results
    > 353 |   const loadingIndicator = await page.locator('text=Processing, text=Loading, text=Generating, text=AI is Creating Your Personalized Report').count();
          |                                                                                                                                               ^
      354 |   if (loadingIndicator > 0) {
      355 |     console.log('Waiting for loading to complete...');
      356 |     // Wait for loading to complete (up to 30 seconds)
        at fillQuizData (/Users/casey/Main12-1/tests/e2e/payment-flow.spec.ts:353:143)
        at /Users/casey/Main12-1/tests/e2e/payment-flow.spec.ts:225:5

    attachment #1: screenshot (image/png) ──────────────────────────────────────────────────────────
    ../../test-results/payment-flow-Payment-Flow--45d2e-unlock-status-logging-works-chromium/test-failed-1.png
    ────────────────────────────────────────────────────────────────────────────────────────────────

    attachment #2: video (video/webm) ──────────────────────────────────────────────────────────────
    ../../test-results/payment-flow-Payment-Flow--45d2e-unlock-status-logging-works-chromium/video.webm
    ────────────────────────────────────────────────────────────────────────────────────────────────

    Error Context: ../../test-results/payment-flow-Payment-Flow--45d2e-unlock-status-logging-works-chromium/error-context.md
]]>
</failure>
<system-out>
<![CDATA[localStorage access blocked, continuing...
On round intro page, clicking Start Round
Error on step 2: page.click: Test timeout of 30000ms exceeded.
Call log:
[2m  - waiting for locator('button:has-text("3")')[22m

Could not get debug info: page.textContent: Target page, context or browser has been closed
Error on step 3: page.waitForSelector: Target page, context or browser has been closed
Could not get debug info: page.textContent: Target page, context or browser has been closed
Error on step 4: page.waitForSelector: Target page, context or browser has been closed
Could not get debug info: page.textContent: Target page, context or browser has been closed
Error on step 5: page.waitForSelector: Target page, context or browser has been closed
Could not get debug info: page.textContent: Target page, context or browser has been closed
Error on step 6: page.waitForSelector: Target page, context or browser has been closed
Could not get debug info: page.textContent: Target page, context or browser has been closed
Error on step 7: page.waitForSelector: Target page, context or browser has been closed
Could not get debug info: page.textContent: Target page, context or browser has been closed
Error on step 8: page.waitForSelector: Target page, context or browser has been closed
Could not get debug info: page.textContent: Target page, context or browser has been closed
Error on step 9: page.waitForSelector: Target page, context or browser has been closed
Could not get debug info: page.textContent: Target page, context or browser has been closed
Error on step 10: page.waitForSelector: Target page, context or browser has been closed
Could not get debug info: page.textContent: Target page, context or browser has been closed
Error on step 11: page.waitForSelector: Target page, context or browser has been closed
Could not get debug info: page.textContent: Target page, context or browser has been closed
Error on step 12: page.waitForSelector: Target page, context or browser has been closed
Could not get debug info: page.textContent: Target page, context or browser has been closed
Error on step 13: page.waitForSelector: Target page, context or browser has been closed
Could not get debug info: page.textContent: Target page, context or browser has been closed
Error on step 14: page.waitForSelector: Target page, context or browser has been closed
Could not get debug info: page.textContent: Target page, context or browser has been closed
Error on step 15: page.waitForSelector: Target page, context or browser has been closed
Could not get debug info: page.textContent: Target page, context or browser has been closed
Error on step 16: page.waitForSelector: Target page, context or browser has been closed
Could not get debug info: page.textContent: Target page, context or browser has been closed
Error on step 17: page.waitForSelector: Target page, context or browser has been closed
Could not get debug info: page.textContent: Target page, context or browser has been closed
Error on step 18: page.waitForSelector: Target page, context or browser has been closed
Could not get debug info: page.textContent: Target page, context or browser has been closed
Error on step 19: page.waitForSelector: Target page, context or browser has been closed
Could not get debug info: page.textContent: Target page, context or browser has been closed
Error on step 20: page.waitForSelector: Target page, context or browser has been closed
Could not get debug info: page.textContent: Target page, context or browser has been closed
Error on step 21: page.waitForSelector: Target page, context or browser has been closed
Could not get debug info: page.textContent: Target page, context or browser has been closed
Error on step 22: page.waitForSelector: Target page, context or browser has been closed
Could not get debug info: page.textContent: Target page, context or browser has been closed
Error on step 23: page.waitForSelector: Target page, context or browser has been closed
Could not get debug info: page.textContent: Target page, context or browser has been closed
Error on step 24: page.waitForSelector: Target page, context or browser has been closed
Could not get debug info: page.textContent: Target page, context or browser has been closed
Error on step 25: page.waitForSelector: Target page, context or browser has been closed
Could not get debug info: page.textContent: Target page, context or browser has been closed
Error on step 26: page.waitForSelector: Target page, context or browser has been closed
Could not get debug info: page.textContent: Target page, context or browser has been closed
Error on step 27: page.waitForSelector: Target page, context or browser has been closed
Could not get debug info: page.textContent: Target page, context or browser has been closed
Error on step 28: page.waitForSelector: Target page, context or browser has been closed
Could not get debug info: page.textContent: Target page, context or browser has been closed
Error on step 29: page.waitForSelector: Target page, context or browser has been closed
Could not get debug info: page.textContent: Target page, context or browser has been closed
Error on step 30: page.waitForSelector: Target page, context or browser has been closed
Could not get debug info: page.textContent: Target page, context or browser has been closed
Error on step 31: page.waitForSelector: Target page, context or browser has been closed
Could not get debug info: page.textContent: Target page, context or browser has been closed
Error on step 32: page.waitForSelector: Target page, context or browser has been closed
Could not get debug info: page.textContent: Target page, context or browser has been closed
Error on step 33: page.waitForSelector: Target page, context or browser has been closed
Could not get debug info: page.textContent: Target page, context or browser has been closed
Error on step 34: page.waitForSelector: Target page, context or browser has been closed
Could not get debug info: page.textContent: Target page, context or browser has been closed
Error on step 35: page.waitForSelector: Target page, context or browser has been closed
Could not get debug info: page.textContent: Target page, context or browser has been closed
Error on step 36: page.waitForSelector: Target page, context or browser has been closed
Could not get debug info: page.textContent: Target page, context or browser has been closed
Error on step 37: page.waitForSelector: Target page, context or browser has been closed
Could not get debug info: page.textContent: Target page, context or browser has been closed
Error on step 38: page.waitForSelector: Target page, context or browser has been closed
Could not get debug info: page.textContent: Target page, context or browser has been closed
Error on step 39: page.waitForSelector: Target page, context or browser has been closed
Could not get debug info: page.textContent: Target page, context or browser has been closed
Error on step 40: page.waitForSelector: Target page, context or browser has been closed
Could not get debug info: page.textContent: Target page, context or browser has been closed
Error on step 41: page.waitForSelector: Target page, context or browser has been closed
Could not get debug info: page.textContent: Target page, context or browser has been closed
Error on step 42: page.waitForSelector: Target page, context or browser has been closed
Could not get debug info: page.textContent: Target page, context or browser has been closed
Error on step 43: page.waitForSelector: Target page, context or browser has been closed
Could not get debug info: page.textContent: Target page, context or browser has been closed
Error on step 44: page.waitForSelector: Target page, context or browser has been closed
Could not get debug info: page.textContent: Target page, context or browser has been closed

[[ATTACHMENT|payment-flow-Payment-Flow--45d2e-unlock-status-logging-works-chromium/test-failed-1.png]]

[[ATTACHMENT|payment-flow-Payment-Flow--45d2e-unlock-status-logging-works-chromium/video.webm]]

[[ATTACHMENT|payment-flow-Payment-Flow--45d2e-unlock-status-logging-works-chromium/error-context.md]]
]]>
</system-out>
</testcase>
</testsuite>
<testsuite name="pricing-logic.spec.ts" timestamp="2025-07-30T21:17:45.617Z" hostname="chromium" tests="3" failures="3" skipped="0" time="91.272" errors="0">
<testcase name="Pricing Logic Tests › New user (temporary) sees $9.99 pricing after completing quiz" classname="pricing-logic.spec.ts" time="30.383">
<failure message="pricing-logic.spec.ts:40:3 New user (temporary) sees $9.99 pricing after completing quiz" type="FAILURE">
<![CDATA[  [chromium] › pricing-logic.spec.ts:40:3 › Pricing Logic Tests › New user (temporary) sees $9.99 pricing after completing quiz 

    Test timeout of 30000ms exceeded.

    Error: locator.count: Target page, context or browser has been closed

      282 |   
      283 |   // If we're on a loading page, wait for it to complete and navigate to results
    > 284 |   const loadingIndicator = await page.locator('text=Processing, text=Loading, text=Generating, text=AI is Creating Your Personalized Report').count();
          |                                                                                                                                               ^
      285 |   if (loadingIndicator > 0) {
      286 |     console.log('Waiting for loading to complete...');
      287 |     // Wait for loading to complete (up to 30 seconds)
        at fillQuizData (/Users/casey/Main12-1/tests/e2e/pricing-logic.spec.ts:284:143)
        at /Users/casey/Main12-1/tests/e2e/pricing-logic.spec.ts:53:5

    attachment #1: screenshot (image/png) ──────────────────────────────────────────────────────────
    ../../test-results/pricing-logic-Pricing-Logi-0b5ed-icing-after-completing-quiz-chromium/test-failed-1.png
    ────────────────────────────────────────────────────────────────────────────────────────────────

    attachment #2: video (video/webm) ──────────────────────────────────────────────────────────────
    ../../test-results/pricing-logic-Pricing-Logi-0b5ed-icing-after-completing-quiz-chromium/video.webm
    ────────────────────────────────────────────────────────────────────────────────────────────────

    Error Context: ../../test-results/pricing-logic-Pricing-Logi-0b5ed-icing-after-completing-quiz-chromium/error-context.md
]]>
</failure>
<system-out>
<![CDATA[localStorage access blocked, continuing...
On round intro page, clicking Start Round
Error on step 2: page.click: Test timeout of 30000ms exceeded.
Call log:
[2m  - waiting for locator('button:has-text("3")')[22m

Could not get debug info: page.textContent: Target page, context or browser has been closed
Error on step 3: page.waitForSelector: Target page, context or browser has been closed
Could not get debug info: page.textContent: Target page, context or browser has been closed
Error on step 4: page.waitForSelector: Target page, context or browser has been closed
Could not get debug info: page.textContent: Target page, context or browser has been closed
Error on step 5: page.waitForSelector: Target page, context or browser has been closed
Could not get debug info: page.textContent: Target page, context or browser has been closed
Error on step 6: page.waitForSelector: Target page, context or browser has been closed
Could not get debug info: page.textContent: Target page, context or browser has been closed
Error on step 7: page.waitForSelector: Target page, context or browser has been closed
Could not get debug info: page.textContent: Target page, context or browser has been closed
Error on step 8: page.waitForSelector: Target page, context or browser has been closed
Could not get debug info: page.textContent: Target page, context or browser has been closed
Error on step 9: page.waitForSelector: Target page, context or browser has been closed
Could not get debug info: page.textContent: Target page, context or browser has been closed
Error on step 10: page.waitForSelector: Target page, context or browser has been closed
Could not get debug info: page.textContent: Target page, context or browser has been closed
Error on step 11: page.waitForSelector: Target page, context or browser has been closed
Could not get debug info: page.textContent: Target page, context or browser has been closed
Error on step 12: page.waitForSelector: Target page, context or browser has been closed
Could not get debug info: page.textContent: Target page, context or browser has been closed
Error on step 13: page.waitForSelector: Target page, context or browser has been closed
Could not get debug info: page.textContent: Target page, context or browser has been closed
Error on step 14: page.waitForSelector: Target page, context or browser has been closed
Could not get debug info: page.textContent: Target page, context or browser has been closed
Error on step 15: page.waitForSelector: Target page, context or browser has been closed
Could not get debug info: page.textContent: Target page, context or browser has been closed
Error on step 16: page.waitForSelector: Target page, context or browser has been closed
Could not get debug info: page.textContent: Target page, context or browser has been closed
Error on step 17: page.waitForSelector: Target page, context or browser has been closed
Could not get debug info: page.textContent: Target page, context or browser has been closed
Error on step 18: page.waitForSelector: Target page, context or browser has been closed
Could not get debug info: page.textContent: Target page, context or browser has been closed
Error on step 19: page.waitForSelector: Target page, context or browser has been closed
Could not get debug info: page.textContent: Target page, context or browser has been closed
Error on step 20: page.waitForSelector: Target page, context or browser has been closed
Could not get debug info: page.textContent: Target page, context or browser has been closed
Error on step 21: page.waitForSelector: Target page, context or browser has been closed
Could not get debug info: page.textContent: Target page, context or browser has been closed
Error on step 22: page.waitForSelector: Target page, context or browser has been closed
Could not get debug info: page.textContent: Target page, context or browser has been closed
Error on step 23: page.waitForSelector: Target page, context or browser has been closed
Could not get debug info: page.textContent: Target page, context or browser has been closed
Error on step 24: page.waitForSelector: Target page, context or browser has been closed
Could not get debug info: page.textContent: Target page, context or browser has been closed
Error on step 25: page.waitForSelector: Target page, context or browser has been closed
Could not get debug info: page.textContent: Target page, context or browser has been closed
Error on step 26: page.waitForSelector: Target page, context or browser has been closed
Could not get debug info: page.textContent: Target page, context or browser has been closed
Error on step 27: page.waitForSelector: Target page, context or browser has been closed
Could not get debug info: page.textContent: Target page, context or browser has been closed
Error on step 28: page.waitForSelector: Target page, context or browser has been closed
Could not get debug info: page.textContent: Target page, context or browser has been closed
Error on step 29: page.waitForSelector: Target page, context or browser has been closed
Could not get debug info: page.textContent: Target page, context or browser has been closed
Error on step 30: page.waitForSelector: Target page, context or browser has been closed
Could not get debug info: page.textContent: Target page, context or browser has been closed
Error on step 31: page.waitForSelector: Target page, context or browser has been closed
Could not get debug info: page.textContent: Target page, context or browser has been closed
Error on step 32: page.waitForSelector: Target page, context or browser has been closed
Could not get debug info: page.textContent: Target page, context or browser has been closed
Error on step 33: page.waitForSelector: Target page, context or browser has been closed
Could not get debug info: page.textContent: Target page, context or browser has been closed
Error on step 34: page.waitForSelector: Target page, context or browser has been closed
Could not get debug info: page.textContent: Target page, context or browser has been closed
Error on step 35: page.waitForSelector: Target page, context or browser has been closed
Could not get debug info: page.textContent: Target page, context or browser has been closed
Error on step 36: page.waitForSelector: Target page, context or browser has been closed
Could not get debug info: page.textContent: Target page, context or browser has been closed
Error on step 37: page.waitForSelector: Target page, context or browser has been closed
Could not get debug info: page.textContent: Target page, context or browser has been closed
Error on step 38: page.waitForSelector: Target page, context or browser has been closed
Could not get debug info: page.textContent: Target page, context or browser has been closed
Error on step 39: page.waitForSelector: Target page, context or browser has been closed
Could not get debug info: page.textContent: Target page, context or browser has been closed
Error on step 40: page.waitForSelector: Target page, context or browser has been closed
Could not get debug info: page.textContent: Target page, context or browser has been closed
Error on step 41: page.waitForSelector: Target page, context or browser has been closed
Could not get debug info: page.textContent: Target page, context or browser has been closed
Error on step 42: page.waitForSelector: Target page, context or browser has been closed
Could not get debug info: page.textContent: Target page, context or browser has been closed
Error on step 43: page.waitForSelector: Target page, context or browser has been closed
Could not get debug info: page.textContent: Target page, context or browser has been closed
Error on step 44: page.waitForSelector: Target page, context or browser has been closed
Could not get debug info: page.textContent: Target page, context or browser has been closed

[[ATTACHMENT|pricing-logic-Pricing-Logi-0b5ed-icing-after-completing-quiz-chromium/test-failed-1.png]]

[[ATTACHMENT|pricing-logic-Pricing-Logi-0b5ed-icing-after-completing-quiz-chromium/video.webm]]

[[ATTACHMENT|pricing-logic-Pricing-Logi-0b5ed-icing-after-completing-quiz-chromium/error-context.md]]
]]>
</system-out>
</testcase>
<testcase name="Pricing Logic Tests › Paid user (non-temporary) sees $4.99 pricing after completing quiz" classname="pricing-logic.spec.ts" time="30.325">
<failure message="pricing-logic.spec.ts:82:3 Paid user (non-temporary) sees $4.99 pricing after completing quiz" type="FAILURE">
<![CDATA[  [chromium] › pricing-logic.spec.ts:82:3 › Pricing Logic Tests › Paid user (non-temporary) sees $4.99 pricing after completing quiz 

    Test timeout of 30000ms exceeded.

    Error: locator.count: Target page, context or browser has been closed

      282 |   
      283 |   // If we're on a loading page, wait for it to complete and navigate to results
    > 284 |   const loadingIndicator = await page.locator('text=Processing, text=Loading, text=Generating, text=AI is Creating Your Personalized Report').count();
          |                                                                                                                                               ^
      285 |   if (loadingIndicator > 0) {
      286 |     console.log('Waiting for loading to complete...');
      287 |     // Wait for loading to complete (up to 30 seconds)
        at fillQuizData (/Users/casey/Main12-1/tests/e2e/pricing-logic.spec.ts:284:143)
        at /Users/casey/Main12-1/tests/e2e/pricing-logic.spec.ts:106:5

    attachment #1: screenshot (image/png) ──────────────────────────────────────────────────────────
    ../../test-results/pricing-logic-Pricing-Logi-6005c-icing-after-completing-quiz-chromium/test-failed-1.png
    ────────────────────────────────────────────────────────────────────────────────────────────────

    attachment #2: video (video/webm) ──────────────────────────────────────────────────────────────
    ../../test-results/pricing-logic-Pricing-Logi-6005c-icing-after-completing-quiz-chromium/video.webm
    ────────────────────────────────────────────────────────────────────────────────────────────────

    Error Context: ../../test-results/pricing-logic-Pricing-Logi-6005c-icing-after-completing-quiz-chromium/error-context.md
]]>
</failure>
<system-out>
<![CDATA[localStorage access blocked, continuing...
On round intro page, clicking Start Round
Error on step 2: page.click: Test timeout of 30000ms exceeded.
Call log:
[2m  - waiting for locator('button:has-text("3")')[22m

Could not get debug info: page.textContent: Target page, context or browser has been closed
Error on step 3: page.waitForSelector: Target page, context or browser has been closed
Could not get debug info: page.textContent: Target page, context or browser has been closed
Error on step 4: page.waitForSelector: Target page, context or browser has been closed
Could not get debug info: page.textContent: Target page, context or browser has been closed
Error on step 5: page.waitForSelector: Target page, context or browser has been closed
Could not get debug info: page.textContent: Target page, context or browser has been closed
Error on step 6: page.waitForSelector: Target page, context or browser has been closed
Could not get debug info: page.textContent: Target page, context or browser has been closed
Error on step 7: page.waitForSelector: Target page, context or browser has been closed
Could not get debug info: page.textContent: Target page, context or browser has been closed
Error on step 8: page.waitForSelector: Target page, context or browser has been closed
Could not get debug info: page.textContent: Target page, context or browser has been closed
Error on step 9: page.waitForSelector: Target page, context or browser has been closed
Could not get debug info: page.textContent: Target page, context or browser has been closed
Error on step 10: page.waitForSelector: Target page, context or browser has been closed
Could not get debug info: page.textContent: Target page, context or browser has been closed
Error on step 11: page.waitForSelector: Target page, context or browser has been closed
Could not get debug info: page.textContent: Target page, context or browser has been closed
Error on step 12: page.waitForSelector: Target page, context or browser has been closed
Could not get debug info: page.textContent: Target page, context or browser has been closed
Error on step 13: page.waitForSelector: Target page, context or browser has been closed
Could not get debug info: page.textContent: Target page, context or browser has been closed
Error on step 14: page.waitForSelector: Target page, context or browser has been closed
Could not get debug info: page.textContent: Target page, context or browser has been closed
Error on step 15: page.waitForSelector: Target page, context or browser has been closed
Could not get debug info: page.textContent: Target page, context or browser has been closed
Error on step 16: page.waitForSelector: Target page, context or browser has been closed
Could not get debug info: page.textContent: Target page, context or browser has been closed
Error on step 17: page.waitForSelector: Target page, context or browser has been closed
Could not get debug info: page.textContent: Target page, context or browser has been closed
Error on step 18: page.waitForSelector: Target page, context or browser has been closed
Could not get debug info: page.textContent: Target page, context or browser has been closed
Error on step 19: page.waitForSelector: Target page, context or browser has been closed
Could not get debug info: page.textContent: Target page, context or browser has been closed
Error on step 20: page.waitForSelector: Target page, context or browser has been closed
Could not get debug info: page.textContent: Target page, context or browser has been closed
Error on step 21: page.waitForSelector: Target page, context or browser has been closed
Could not get debug info: page.textContent: Target page, context or browser has been closed
Error on step 22: page.waitForSelector: Target page, context or browser has been closed
Could not get debug info: page.textContent: Target page, context or browser has been closed
Error on step 23: page.waitForSelector: Target page, context or browser has been closed
Could not get debug info: page.textContent: Target page, context or browser has been closed
Error on step 24: page.waitForSelector: Target page, context or browser has been closed
Could not get debug info: page.textContent: Target page, context or browser has been closed
Error on step 25: page.waitForSelector: Target page, context or browser has been closed
Could not get debug info: page.textContent: Target page, context or browser has been closed
Error on step 26: page.waitForSelector: Target page, context or browser has been closed
Could not get debug info: page.textContent: Target page, context or browser has been closed
Error on step 27: page.waitForSelector: Target page, context or browser has been closed
Could not get debug info: page.textContent: Target page, context or browser has been closed
Error on step 28: page.waitForSelector: Target page, context or browser has been closed
Could not get debug info: page.textContent: Target page, context or browser has been closed
Error on step 29: page.waitForSelector: Target page, context or browser has been closed
Could not get debug info: page.textContent: Target page, context or browser has been closed
Error on step 30: page.waitForSelector: Target page, context or browser has been closed
Could not get debug info: page.textContent: Target page, context or browser has been closed
Error on step 31: page.waitForSelector: Target page, context or browser has been closed
Could not get debug info: page.textContent: Target page, context or browser has been closed
Error on step 32: page.waitForSelector: Target page, context or browser has been closed
Could not get debug info: page.textContent: Target page, context or browser has been closed
Error on step 33: page.waitForSelector: Target page, context or browser has been closed
Could not get debug info: page.textContent: Target page, context or browser has been closed
Error on step 34: page.waitForSelector: Target page, context or browser has been closed
Could not get debug info: page.textContent: Target page, context or browser has been closed
Error on step 35: page.waitForSelector: Target page, context or browser has been closed
Could not get debug info: page.textContent: Target page, context or browser has been closed
Error on step 36: page.waitForSelector: Target page, context or browser has been closed
Could not get debug info: page.textContent: Target page, context or browser has been closed
Error on step 37: page.waitForSelector: Target page, context or browser has been closed
Could not get debug info: page.textContent: Target page, context or browser has been closed
Error on step 38: page.waitForSelector: Target page, context or browser has been closed
Could not get debug info: page.textContent: Target page, context or browser has been closed
Error on step 39: page.waitForSelector: Target page, context or browser has been closed
Could not get debug info: page.textContent: Target page, context or browser has been closed
Error on step 40: page.waitForSelector: Target page, context or browser has been closed
Could not get debug info: page.textContent: Target page, context or browser has been closed
Error on step 41: page.waitForSelector: Target page, context or browser has been closed
Could not get debug info: page.textContent: Target page, context or browser has been closed
Error on step 42: page.waitForSelector: Target page, context or browser has been closed
Could not get debug info: page.textContent: Target page, context or browser has been closed
Error on step 43: page.waitForSelector: Target page, context or browser has been closed
Could not get debug info: page.textContent: Target page, context or browser has been closed
Error on step 44: page.waitForSelector: Target page, context or browser has been closed
Could not get debug info: page.textContent: Target page, context or browser has been closed

[[ATTACHMENT|pricing-logic-Pricing-Logi-6005c-icing-after-completing-quiz-chromium/test-failed-1.png]]

[[ATTACHMENT|pricing-logic-Pricing-Logi-6005c-icing-after-completing-quiz-chromium/video.webm]]

[[ATTACHMENT|pricing-logic-Pricing-Logi-6005c-icing-after-completing-quiz-chromium/error-context.md]]
]]>
</system-out>
</testcase>
<testcase name="Pricing Logic Tests › Temporary user sees $9.99 pricing even if authenticated" classname="pricing-logic.spec.ts" time="30.564">
<failure message="pricing-logic.spec.ts:135:3 Temporary user sees $9.99 pricing even if authenticated" type="FAILURE">
<![CDATA[  [chromium] › pricing-logic.spec.ts:135:3 › Pricing Logic Tests › Temporary user sees $9.99 pricing even if authenticated 

    Test timeout of 30000ms exceeded.

    Error: locator.count: Target page, context or browser has been closed

      282 |   
      283 |   // If we're on a loading page, wait for it to complete and navigate to results
    > 284 |   const loadingIndicator = await page.locator('text=Processing, text=Loading, text=Generating, text=AI is Creating Your Personalized Report').count();
          |                                                                                                                                               ^
      285 |   if (loadingIndicator > 0) {
      286 |     console.log('Waiting for loading to complete...');
      287 |     // Wait for loading to complete (up to 30 seconds)
        at fillQuizData (/Users/casey/Main12-1/tests/e2e/pricing-logic.spec.ts:284:143)
        at /Users/casey/Main12-1/tests/e2e/pricing-logic.spec.ts:157:5

    attachment #1: screenshot (image/png) ──────────────────────────────────────────────────────────
    ../../test-results/pricing-logic-Pricing-Logi-9625c-icing-even-if-authenticated-chromium/test-failed-1.png
    ────────────────────────────────────────────────────────────────────────────────────────────────

    attachment #2: video (video/webm) ──────────────────────────────────────────────────────────────
    ../../test-results/pricing-logic-Pricing-Logi-9625c-icing-even-if-authenticated-chromium/video.webm
    ────────────────────────────────────────────────────────────────────────────────────────────────

    Error Context: ../../test-results/pricing-logic-Pricing-Logi-9625c-icing-even-if-authenticated-chromium/error-context.md
]]>
</failure>
<system-out>
<![CDATA[localStorage access blocked, continuing...
On round intro page, clicking Start Round
Error on step 2: page.click: Test timeout of 30000ms exceeded.
Call log:
[2m  - waiting for locator('button:has-text("3")')[22m

Could not get debug info: page.textContent: Target page, context or browser has been closed
Error on step 3: page.waitForSelector: Target page, context or browser has been closed
Could not get debug info: page.textContent: Target page, context or browser has been closed
Error on step 4: page.waitForSelector: Target page, context or browser has been closed
Could not get debug info: page.textContent: Target page, context or browser has been closed
Error on step 5: page.waitForSelector: Target page, context or browser has been closed
Could not get debug info: page.textContent: Target page, context or browser has been closed
Error on step 6: page.waitForSelector: Target page, context or browser has been closed
Could not get debug info: page.textContent: Target page, context or browser has been closed
Error on step 7: page.waitForSelector: Target page, context or browser has been closed
Could not get debug info: page.textContent: Target page, context or browser has been closed
[...]
Error on step 28: page.waitForSelector: Target page, context or browser has been closed
Could not get debug info: page.textContent: Target page, context or browser has been closed
Error on step 29: page.waitForSelector: Target page, context or browser has been closed
Could not get debug info: page.textContent: Target page, context or browser has been closed
Error on step 30: page.waitForSelector: Target page, context or browser has been closed
Could not get debug info: page.textContent: Target page, context or browser has been closed
Error on step 31: page.waitForSelector: Target page, context or browser has been closed
Could not get debug info: page.textContent: Target page, context or browser has been closed
Error on step 32: page.waitForSelector: Target page, context or browser has been closed
Could not get debug info: page.textContent: Target page, context or browser has been closed
Error on step 33: page.waitForSelector: Target page, context or browser has been closed
Could not get debug info: page.textContent: Target page, context or browser has been closed
Error on step 34: page.waitForSelector: Target page, context or browser has been closed
Could not get debug info: page.textContent: Target page, context or browser has been closed

[[ATTACHMENT|unlock-logic-Unlock-Logic--b8de5-rol-unlock-status-correctly-Mobile-Safari/test-failed-1.png]]

[[ATTACHMENT|unlock-logic-Unlock-Logic--b8de5-rol-unlock-status-correctly-Mobile-Safari/video.webm]]

[[ATTACHMENT|unlock-logic-Unlock-Logic--b8de5-rol-unlock-status-correctly-Mobile-Safari/error-context.md]]
]]>
</system-out>
</testcase>
<testcase name="Unlock Logic and localStorage Tests › Payment success flow sets all required flags" classname="unlock-logic.spec.ts" time="30.099">
<failure message="unlock-logic.spec.ts:93:3 Payment success flow sets all required flags" type="FAILURE">
<![CDATA[  [Mobile Safari] › unlock-logic.spec.ts:93:3 › Unlock Logic and localStorage Tests › Payment success flow sets all required flags 

    Test timeout of 30000ms exceeded.

    attachment #1: screenshot (image/png) ──────────────────────────────────────────────────────────
    ../../test-results/unlock-logic-Unlock-Logic--6399e-low-sets-all-required-flags-Mobile-Safari/test-failed-1.png
    ────────────────────────────────────────────────────────────────────────────────────────────────

    attachment #2: video (video/webm) ──────────────────────────────────────────────────────────────
    ../../test-results/unlock-logic-Unlock-Logic--6399e-low-sets-all-required-flags-Mobile-Safari/video.webm
    ────────────────────────────────────────────────────────────────────────────────────────────────

    Error Context: ../../test-results/unlock-logic-Unlock-Logic--6399e-low-sets-all-required-flags-Mobile-Safari/error-context.md
]]>
</failure>
<system-out>
<![CDATA[localStorage access blocked, continuing...
On round intro page, clicking Start Round
Error on step 2: page.click: Test timeout of 30000ms exceeded.
Call log:
[2m  - waiting for locator('button:has-text("3")')[22m

Could not get debug info: page.textContent: Target page, context or browser has been closed
Error on step 3: page.waitForSelector: Target page, context or browser has been closed
Could not get debug info: page.textContent: Target page, context or browser has been closed
Error on step 4: page.waitForSelector: Target page, context or browser has been closed
Could not get debug info: page.textContent: Target page, context or browser has been closed
Error on step 5: page.waitForSelector: Target page, context or browser has been closed
Could not get debug info: page.textContent: Target page, context or browser has been closed
Error on step 6: page.waitForSelector: Target page, context or browser has been closed
Could not get debug info: page.textContent: Target page, context or browser has been closed
Error on step 7: page.waitForSelector: Target page, context or browser has been closed
Could not get debug info: page.textContent: Target page, context or browser has been closed
Error on step 8: page.waitForSelector: Target page, context or browser has been closed
Could not get debug info: page.textContent: Target page, context or browser has been closed
Error on step 9: page.waitForSelector: Target page, context or browser has been closed
Could not get debug info: page.textContent: Target page, context or browser has been closed
Error on step 10: page.waitForSelector: Target page, context or browser has been closed
Could not get debug info: page.textContent: Target page, context or browser has been closed
Error on step 11: page.waitForSelector: Target page, context or browser has been closed
Could not get debug info: page.textContent: Target page, context or browser has been closed
Error on step 12: page.waitForSelector: Target page, context or browser has been closed
Could not get debug info: page.textContent: Target page, context or browser has been closed
Error on step 13: page.waitForSelector: Target page, context or browser has been closed
Could not get debug info: page.textContent: Target page, context or browser has been closed
Error on step 14: page.waitForSelector: Target page, context or browser has been closed
Could not get debug info: page.textContent: Target page, context or browser has been closed
Error on step 15: page.waitForSelector: Target page, context or browser has been closed
Could not get debug info: page.textContent: Target page, context or browser has been closed
Error on step 16: page.waitForSelector: Target page, context or browser has been closed
Could not get debug info: page.textContent: Target page, context or browser has been closed
Error on step 17: page.waitForSelector: Target page, context or browser has been closed
Could not get debug info: page.textContent: Target page, context or browser has been closed
Error on step 18: page.waitForSelector: Target page, context or browser has been closed
Could not get debug info: page.textContent: Target page, context or browser has been closed
Error on step 19: page.waitForSelector: Target page, context or browser has been closed
Could not get debug info: page.textContent: Target page, context or browser has been closed
Error on step 20: page.waitForSelector: Target page, context or browser has been closed

[[ATTACHMENT|unlock-logic-Unlock-Logic--6399e-low-sets-all-required-flags-Mobile-Safari/test-failed-1.png]]

[[ATTACHMENT|unlock-logic-Unlock-Logic--6399e-low-sets-all-required-flags-Mobile-Safari/video.webm]]

[[ATTACHMENT|unlock-logic-Unlock-Logic--6399e-low-sets-all-required-flags-Mobile-Safari/error-context.md]]
]]>
</system-out>
</testcase>
<testcase name="Unlock Logic and localStorage Tests › Debug logging shows correct unlock status" classname="unlock-logic.spec.ts" time="30.083">
<failure message="unlock-logic.spec.ts:142:3 Debug logging shows correct unlock status" type="FAILURE">
<![CDATA[  [Mobile Safari] › unlock-logic.spec.ts:142:3 › Unlock Logic and localStorage Tests › Debug logging shows correct unlock status 

    Test timeout of 30000ms exceeded.

    attachment #1: screenshot (image/png) ──────────────────────────────────────────────────────────
    ../../test-results/unlock-logic-Unlock-Logic--d5b03-shows-correct-unlock-status-Mobile-Safari/test-failed-1.png
    ────────────────────────────────────────────────────────────────────────────────────────────────

    attachment #2: video (video/webm) ──────────────────────────────────────────────────────────────
    ../../test-results/unlock-logic-Unlock-Logic--d5b03-shows-correct-unlock-status-Mobile-Safari/video.webm
    ────────────────────────────────────────────────────────────────────────────────────────────────

    Error Context: ../../test-results/unlock-logic-Unlock-Logic--d5b03-shows-correct-unlock-status-Mobile-Safari/error-context.md
]]>
</failure>
<system-out>
<![CDATA[localStorage access blocked, continuing...
On round intro page, clicking Start Round
Error on step 2: page.click: Test timeout of 30000ms exceeded.
Call log:
[2m  - waiting for locator('button:has-text("3")')[22m

Could not get debug info: page.textContent: Target page, context or browser has been closed
Error on step 3: page.waitForSelector: Target page, context or browser has been closed
Could not get debug info: page.textContent: Target page, context or browser has been closed
Error on step 4: page.waitForSelector: Target page, context or browser has been closed
Could not get debug info: page.textContent: Target page, context or browser has been closed
Error on step 5: page.waitForSelector: Target page, context or browser has been closed
Could not get debug info: page.textContent: Target page, context or browser has been closed
Error on step 6: page.waitForSelector: Target page, context or browser has been closed
Could not get debug info: page.textContent: Target page, context or browser has been closed
Error on step 7: page.waitForSelector: Target page, context or browser has been closed
Could not get debug info: page.textContent: Target page, context or browser has been closed
Error on step 8: page.waitForSelector: Target page, context or browser has been closed
Could not get debug info: page.textContent: Target page, context or browser has been closed
Error on step 9: page.waitForSelector: Target page, context or browser has been closed
Could not get debug info: page.textContent: Target page, context or browser has been closed
Error on step 10: page.waitForSelector: Target page, context or browser has been closed
Could not get debug info: page.textContent: Target page, context or browser has been closed
Error on step 11: page.waitForSelector: Target page, context or browser has been closed
Could not get debug info: page.textContent: Target page, context or browser has been closed
Error on step 12: page.waitForSelector: Target page, context or browser has been closed
Could not get debug info: page.textContent: Target page, context or browser has been closed
Error on step 13: page.waitForSelector: Target page, context or browser has been closed
Could not get debug info: page.textContent: Target page, context or browser has been closed
Error on step 14: page.waitForSelector: Target page, context or browser has been closed
Could not get debug info: page.textContent: Target page, context or browser has been closed
Error on step 15: page.waitForSelector: Target page, context or browser has been closed
Could not get debug info: page.textContent: Target page, context or browser has been closed
Error on step 16: page.waitForSelector: Target page, context or browser has been closed
Could not get debug info: page.textContent: Target page, context or browser has been closed
Error on step 17: page.waitForSelector: Target page, context or browser has been closed
Could not get debug info: page.textContent: Target page, context or browser has been closed
Error on step 18: page.waitForSelector: Target page, context or browser has been closed
Could not get debug info: page.textContent: Target page, context or browser has been closed
Error on step 19: page.waitForSelector: Target page, context or browser has been closed
Could not get debug info: page.textContent: Target page, context or browser has been closed
Error on step 20: page.waitForSelector: Target page, context or browser has been closed
Could not get debug info: page.textContent: Target page, context or browser has been closed
Error on step 21: page.waitForSelector: Target page, context or browser has been closed
Could not get debug info: page.textContent: Target page, context or browser has been closed
Error on step 22: page.waitForSelector: Target page, context or browser has been closed
Could not get debug info: page.textContent: Target page, context or browser has been closed
Error on step 23: page.waitForSelector: Target page, context or browser has been closed
Could not get debug info: page.textContent: Target page, context or browser has been closed
Error on step 24: page.waitForSelector: Target page, context or browser has been closed
Could not get debug info: page.textContent: Target page, context or browser has been closed
Error on step 25: page.waitForSelector: Target page, context or browser has been closed
Could not get debug info: page.textContent: Target page, context or browser has been closed
Error on step 26: page.waitForSelector: Target page, context or browser has been closed
Could not get debug info: page.textContent: Target page, context or browser has been closed
Error on step 27: page.waitForSelector: Target page, context or browser has been closed
Could not get debug info: page.textContent: Target page, context or browser has been closed
Error on step 28: page.waitForSelector: Target page, context or browser has been closed
Could not get debug info: page.textContent: Target page, context or browser has been closed
Error on step 29: page.waitForSelector: Target page, context or browser has been closed
Could not get debug info: page.textContent: Target page, context or browser has been closed
Error on step 30: page.waitForSelector: Target page, context or browser has been closed
Could not get debug info: page.textContent: Target page, context or browser has been closed
Error on step 31: page.waitForSelector: Target page, context or browser has been closed
Could not get debug info: page.textContent: Target page, context or browser has been closed
Error on step 32: page.waitForSelector: Target page, context or browser has been closed
Could not get debug info: page.textContent: Target page, context or browser has been closed
Error on step 33: page.waitForSelector: Target page, context or browser has been closed
Could not get debug info: page.textContent: Target page, context or browser has been closed
Error on step 34: page.waitForSelector: Target page, context or browser has been closed
Could not get debug info: page.textContent: Target page, context or browser has been closed
Error on step 35: page.waitForSelector: Target page, context or browser has been closed
Could not get debug info: page.textContent: Target page, context or browser has been closed

[[ATTACHMENT|unlock-logic-Unlock-Logic--d5b03-shows-correct-unlock-status-Mobile-Safari/test-failed-1.png]]

[[ATTACHMENT|unlock-logic-Unlock-Logic--d5b03-shows-correct-unlock-status-Mobile-Safari/video.webm]]

[[ATTACHMENT|unlock-logic-Unlock-Logic--d5b03-shows-correct-unlock-status-Mobile-Safari/error-context.md]]
]]>
</system-out>
</testcase>
<testcase name="Unlock Logic and localStorage Tests › Pricing shows correctly based on user type" classname="unlock-logic.spec.ts" time="30.093">
<failure message="unlock-logic.spec.ts:186:3 Pricing shows correctly based on user type" type="FAILURE">
<![CDATA[  [Mobile Safari] › unlock-logic.spec.ts:186:3 › Unlock Logic and localStorage Tests › Pricing shows correctly based on user type 

    Test timeout of 30000ms exceeded.

    attachment #1: screenshot (image/png) ──────────────────────────────────────────────────────────
    ../../test-results/unlock-logic-Unlock-Logic--6e239-orrectly-based-on-user-type-Mobile-Safari/test-failed-1.png
    ────────────────────────────────────────────────────────────────────────────────────────────────

    attachment #2: video (video/webm) ──────────────────────────────────────────────────────────────
    ../../test-results/unlock-logic-Unlock-Logic--6e239-orrectly-based-on-user-type-Mobile-Safari/video.webm
    ────────────────────────────────────────────────────────────────────────────────────────────────

    Error Context: ../../test-results/unlock-logic-Unlock-Logic--6e239-orrectly-based-on-user-type-Mobile-Safari/error-context.md
]]>
</failure>
<system-out>
<![CDATA[localStorage access blocked, continuing...
On round intro page, clicking Start Round
Error on step 2: page.click: Test timeout of 30000ms exceeded.
Call log:
[2m  - waiting for locator('button:has-text("3")')[22m

Could not get debug info: page.textContent: Target page, context or browser has been closed
Error on step 3: page.waitForSelector: Target page, context or browser has been closed
Could not get debug info: page.textContent: Target page, context or browser has been closed
Error on step 4: page.waitForSelector: Target page, context or browser has been closed
Could not get debug info: page.textContent: Target page, context or browser has been closed
Error on step 5: page.waitForSelector: Target page, context or browser has been closed
Could not get debug info: page.textContent: Target page, context or browser has been closed
Error on step 6: page.waitForSelector: Target page, context or browser has been closed
Could not get debug info: page.textContent: Target page, context or browser has been closed
Error on step 7: page.waitForSelector: Target page, context or browser has been closed
Could not get debug info: page.textContent: Target page, context or browser has been closed
Error on step 8: page.waitForSelector: Target page, context or browser has been closed
Could not get debug info: page.textContent: Target page, context or browser has been closed
Error on step 9: page.waitForSelector: Target page, context or browser has been closed
Could not get debug info: page.textContent: Target page, context or browser has been closed
Error on step 10: page.waitForSelector: Target page, context or browser has been closed
Could not get debug info: page.textContent: Target page, context or browser has been closed
Error on step 11: page.waitForSelector: Target page, context or browser has been closed
Could not get debug info: page.textContent: Target page, context or browser has been closed
Error on step 12: page.waitForSelector: Target page, context or browser has been closed
Could not get debug info: page.textContent: Target page, context or browser has been closed
Error on step 13: page.waitForSelector: Target page, context or browser has been closed
Could not get debug info: page.textContent: Target page, context or browser has been closed
Error on step 14: page.waitForSelector: Target page, context or browser has been closed
Could not get debug info: page.textContent: Target page, context or browser has been closed
Error on step 15: page.waitForSelector: Target page, context or browser has been closed
Could not get debug info: page.textContent: Target page, context or browser has been closed
Error on step 16: page.waitForSelector: Target page, context or browser has been closed
Could not get debug info: page.textContent: Target page, context or browser has been closed
Error on step 17: page.waitForSelector: Target page, context or browser has been closed
Could not get debug info: page.textContent: Target page, context or browser has been closed
Error on step 18: page.waitForSelector: Target page, context or browser has been closed
Could not get debug info: page.textContent: Target page, context or browser has been closed
Error on step 19: page.waitForSelector: Target page, context or browser has been closed
Could not get debug info: page.textContent: Target page, context or browser has been closed
Error on step 20: page.waitForSelector: Target page, context or browser has been closed
Could not get debug info: page.textContent: Target page, context or browser has been closed
Error on step 21: page.waitForSelector: Target page, context or browser has been closed
Could not get debug info: page.textContent: Target page, context or browser has been closed
Error on step 22: page.waitForSelector: Target page, context or browser has been closed
Could not get debug info: page.textContent: Target page, context or browser has been closed

[[ATTACHMENT|unlock-logic-Unlock-Logic--6e239-orrectly-based-on-user-type-Mobile-Safari/test-failed-1.png]]

[[ATTACHMENT|unlock-logic-Unlock-Logic--6e239-orrectly-based-on-user-type-Mobile-Safari/video.webm]]

[[ATTACHMENT|unlock-logic-Unlock-Logic--6e239-orrectly-based-on-user-type-Mobile-Safari/error-context.md]]
]]>
</system-out>
</testcase>
</testsuite>
</testsuites>